<?xml version="1.0" encoding="UTF-8"?>
<testng-results skipped="0" failed="0" total="8" passed="8">
  <reporter-output>
  </reporter-output>
  <suite name="Default suite" duration-ms="94403" started-at="2014-02-18T00:56:17Z" finished-at="2014-02-18T00:57:51Z">
    <groups>
    </groups>
    <test name="Default test" duration-ms="94403" started-at="2014-02-18T00:56:17Z" finished-at="2014-02-18T00:57:51Z">
      <class name="FirstSeleniumExercise.msntestcases">
        <test-method status="PASS" signature="beforeSuite()[pri:0, instance:FirstSeleniumExercise.msntestcases@251b6084]" name="beforeSuite" is-config="true" duration-ms="5230" started-at="2014-02-17T16:56:11Z" finished-at="2014-02-17T16:56:17Z">
          <reporter-output>
          </reporter-output>
        </test-method> <!-- beforeSuite -->
        <test-method status="PASS" signature="testcase1()[pri:0, instance:FirstSeleniumExercise.msntestcases@251b6084]" name="testcase1" duration-ms="3252" started-at="2014-02-17T16:56:17Z" description="Click on News" finished-at="2014-02-17T16:56:20Z">
          <reporter-output>
          </reporter-output>
        </test-method> <!-- testcase1 -->
        <test-method status="PASS" signature="testcase2()[pri:0, instance:FirstSeleniumExercise.msntestcases@251b6084]" name="testcase2" duration-ms="1103" started-at="2014-02-17T16:56:20Z" description="Scrolldown the Page" finished-at="2014-02-17T16:56:21Z">
          <reporter-output>
          </reporter-output>
        </test-method> <!-- testcase2 -->
        <test-method status="PASS" signature="testcase3()[pri:0, instance:FirstSeleniumExercise.msntestcases@251b6084]" name="testcase3" duration-ms="1031" started-at="2014-02-17T16:56:21Z" description="Scrollup the Page" finished-at="2014-02-17T16:56:22Z">
          <reporter-output>
          </reporter-output>
        </test-method> <!-- testcase3 -->
        <test-method status="PASS" signature="testcase4()[pri:0, instance:FirstSeleniumExercise.msntestcases@251b6084]" name="testcase4" duration-ms="828" started-at="2014-02-17T16:56:22Z" description="Search an item on News" finished-at="2014-02-17T16:56:23Z">
          <reporter-output>
          </reporter-output>
        </test-method> <!-- testcase4 -->
        <test-method status="PASS" signature="testcase5()[pri:0, instance:FirstSeleniumExercise.msntestcases@251b6084]" name="testcase5" duration-ms="11742" started-at="2014-02-17T16:56:23Z" description="Click on Saved Locations to change it and handle the popup" finished-at="2014-02-17T16:56:35Z">
          <reporter-output>
          </reporter-output>
        </test-method> <!-- testcase5 -->
        <test-method status="PASS" signature="testcase6()[pri:0, instance:FirstSeleniumExercise.msntestcases@251b6084]" name="testcase6" duration-ms="9490" started-at="2014-02-17T16:56:35Z" description="Click on a Drop down List and Select a Value" finished-at="2014-02-17T16:56:44Z">
          <reporter-output>
          </reporter-output>
        </test-method> <!-- testcase6 -->
        <test-method status="PASS" signature="testcase7()[pri:0, instance:FirstSeleniumExercise.msntestcases@251b6084]" name="testcase7" duration-ms="12818" started-at="2014-02-17T16:56:44Z" description="Click on an iframe object" finished-at="2014-02-17T16:56:57Z">
          <reporter-output>
          </reporter-output>
        </test-method> <!-- testcase7 -->
        <test-method status="PASS" signature="testcase8()[pri:0, instance:FirstSeleniumExercise.msntestcases@251b6084]" name="testcase8" duration-ms="54096" started-at="2014-02-17T16:56:57Z" description="Click on an Video Control to play" finished-at="2014-02-17T16:57:51Z">
          <reporter-output>
          </reporter-output>
        </test-method> <!-- testcase8 -->
        <test-method status="PASS" signature="afterSuite()[pri:0, instance:FirstSeleniumExercise.msntestcases@251b6084]" name="afterSuite" is-config="true" duration-ms="106" started-at="2014-02-17T16:57:51Z" finished-at="2014-02-17T16:57:51Z">
          <reporter-output>
          </reporter-output>
        </test-method> <!-- afterSuite -->
      </class> <!-- FirstSeleniumExercise.msntestcases -->
    </test> <!-- Default test -->
  </suite> <!-- Default suite -->
</testng-results>
